2022-03-01 17:24:26,837 INFO  [Log] *************************************************************************************** 
2022-03-01 17:24:26,837 INFO  [Log] **   ParserX API Framework : 2022.03.01.17.24.26    ** 
2022-03-01 17:24:26,837 INFO  [Log] *************************************************************************************** 
2022-03-01 17:24:31,723 INFO  [Log] *************************************************************************************** 
2022-03-01 17:24:31,723 INFO  [Log] *****************************   E-N-D  :  2022.03.01.17.24.31    ********************** 
2022-03-01 17:24:31,723 INFO  [Log] *************************************************************************************** 
2022-03-01 17:28:05,555 INFO  [Log] *************************************************************************************** 
2022-03-01 17:28:05,556 INFO  [Log] **   ParserX API Framework : 2022.03.01.17.28.05    ** 
2022-03-01 17:28:05,556 INFO  [Log] *************************************************************************************** 
2022-03-01 17:28:06,743 INFO  [Log] STEP : I am an authorized user 
2022-03-01 17:28:08,196 INFO  [Log] STEP : A list of books are available 
2022-03-01 17:28:08,413 INFO  [Log] STEP : I add a book to my reading list 
2022-03-01 17:28:08,595 INFO  [Log] STEP : The book is added 
2022-03-01 17:28:08,600 INFO  [Log] STEP : I remove a book from my reading list 
2022-03-01 17:28:08,773 INFO  [Log] STEP : The book is removed 
2022-03-01 17:28:09,648 INFO  [Log] *************************************************************************************** 
2022-03-01 17:28:09,648 INFO  [Log] *****************************   E-N-D  :  2022.03.01.17.28.09    ********************** 
2022-03-01 17:28:09,648 INFO  [Log] *************************************************************************************** 
2022-03-01 17:33:06,162 INFO  [Log] *************************************************************************************** 
2022-03-01 17:33:06,163 INFO  [Log] **   ParserX API Framework : 2022.03.01.17.33.06    ** 
2022-03-01 17:33:06,163 INFO  [Log] *************************************************************************************** 
2022-03-01 17:33:07,355 INFO  [Log] STEP : I am an authorized user 
2022-03-01 17:33:09,018 INFO  [Log] STEP : A list of books are available 
2022-03-01 17:33:09,181 INFO  [Log] STEP : I add a book to my reading list 
2022-03-01 17:33:09,352 INFO  [Log] STEP : The book is added 
2022-03-01 17:33:09,358 INFO  [Log] STEP : I remove a book from my reading list 
2022-03-01 17:33:09,529 INFO  [Log] STEP : The book is removed 
2022-03-01 17:33:10,270 INFO  [Log] *************************************************************************************** 
2022-03-01 17:33:10,270 INFO  [Log] *****************************   E-N-D  :  2022.03.01.17.33.10    ********************** 
2022-03-01 17:33:10,270 INFO  [Log] *************************************************************************************** 
2022-03-01 17:58:26,127 INFO  [Log] *************************************************************************************** 
2022-03-01 17:58:26,132 INFO  [Log] **   ParserX API Framework : 2022.03.01.17.58.26    ** 
2022-03-01 17:58:26,133 INFO  [Log] *************************************************************************************** 
2022-03-01 17:58:27,319 INFO  [Log] STEP : I am an authorized user 
2022-03-01 17:58:28,784 INFO  [Log] STEP : A list of books are available 
2022-03-01 17:58:28,963 INFO  [Log] STEP : I add a book to my reading list 
2022-03-01 17:58:29,169 INFO  [Log] STEP : The book is added 
2022-03-01 17:58:29,173 INFO  [Log] STEP : I remove a book from my reading list 
2022-03-01 17:58:29,351 INFO  [Log] STEP : The book is removed 
2022-03-01 17:58:30,133 INFO  [Log] *************************************************************************************** 
2022-03-01 17:58:30,146 INFO  [Log] *****************************   E-N-D  :  2022.03.01.17.58.30    ********************** 
2022-03-01 17:58:30,146 INFO  [Log] *************************************************************************************** 
2022-03-01 18:02:46,235 INFO  [Log] *************************************************************************************** 
2022-03-01 18:02:46,241 INFO  [Log] **   ParserX API Framework : 2022.03.01.18.02.46    ** 
2022-03-01 18:02:46,242 INFO  [Log] *************************************************************************************** 
2022-03-01 18:02:47,454 INFO  [Log] STEP : I am an authorized user 
2022-03-01 18:02:48,886 INFO  [Log] STEP : A list of books are available 
2022-03-01 18:02:49,051 INFO  [Log] STEP : I add a book to my reading list 
2022-03-01 18:02:49,229 INFO  [Log] STEP : The book is added 
2022-03-01 18:02:49,235 INFO  [Log] STEP : I remove a book from my reading list 
2022-03-01 18:02:49,461 INFO  [Log] STEP : The book is removed 
2022-03-01 18:02:50,204 INFO  [Log] *************************************************************************************** 
2022-03-01 18:02:50,210 INFO  [Log] *****************************   E-N-D  :  2022.03.01.18.02.50    ********************** 
2022-03-01 18:02:50,210 INFO  [Log] *************************************************************************************** 
2022-03-01 18:23:47,381 INFO  [Log] *************************************************************************************** 
2022-03-01 18:23:47,381 INFO  [Log] **   ParserX API Framework : 2022.03.01.18.23.47    ** 
2022-03-01 18:23:47,381 INFO  [Log] *************************************************************************************** 
2022-03-01 18:23:48,394 INFO  [Log] STEP : I am an authorized user 
2022-03-01 18:23:50,373 INFO  [Log] STEP : A list of books are available 
2022-03-01 18:23:50,611 INFO  [Log] STEP : I add a book to my reading list 
2022-03-01 18:23:50,844 INFO  [Log] STEP : The book is added 
2022-03-01 18:23:50,859 INFO  [Log] STEP : I remove a book from my reading list 
2022-03-01 18:23:51,123 INFO  [Log] STEP : The book is removed 
2022-03-01 18:23:52,094 INFO  [Log] *************************************************************************************** 
2022-03-01 18:23:52,095 INFO  [Log] *****************************   E-N-D  :  2022.03.01.18.23.52    ********************** 
2022-03-01 18:23:52,095 INFO  [Log] *************************************************************************************** 
2022-03-01 18:24:57,598 INFO  [Log] *************************************************************************************** 
2022-03-01 18:24:57,598 INFO  [Log] **   ParserX API Framework : 2022.03.01.18.24.57    ** 
2022-03-01 18:24:57,598 INFO  [Log] *************************************************************************************** 
2022-03-01 18:24:58,565 INFO  [Log] STEP : I am an authorized user 
2022-03-01 18:25:00,662 INFO  [Log] STEP : A list of books are available 
2022-03-01 18:25:00,914 INFO  [Log] STEP : I add a book to my reading list 
2022-03-01 18:25:01,155 INFO  [Log] STEP : The book is added 
2022-03-01 18:25:01,162 INFO  [Log] STEP : I remove a book from my reading list 
2022-03-01 18:25:01,478 INFO  [Log] STEP : The book is removed 
2022-03-01 18:25:02,261 INFO  [Log] *************************************************************************************** 
2022-03-01 18:25:02,263 INFO  [Log] *****************************   E-N-D  :  2022.03.01.18.25.02    ********************** 
2022-03-01 18:25:02,263 INFO  [Log] *************************************************************************************** 
2022-03-01 18:26:48,832 INFO  [Log] *************************************************************************************** 
2022-03-01 18:26:48,833 INFO  [Log] **   ParserX API Framework : 2022.03.01.18.26.48    ** 
2022-03-01 18:26:48,833 INFO  [Log] *************************************************************************************** 
2022-03-01 18:26:49,850 INFO  [Log] STEP : I am an authorized user 
2022-03-01 18:26:51,184 INFO  [Log] STEP : A list of books are available 
2022-03-01 18:26:51,359 INFO  [Log] STEP : I add a book to my reading list 
2022-03-01 18:26:51,543 INFO  [Log] STEP : The book is added 
2022-03-01 18:26:51,552 INFO  [Log] STEP : I remove a book from my reading list 
2022-03-01 18:26:51,728 INFO  [Log] STEP : The book is removed 
2022-03-01 18:26:52,517 INFO  [Log] *************************************************************************************** 
2022-03-01 18:26:52,517 INFO  [Log] *****************************   E-N-D  :  2022.03.01.18.26.52    ********************** 
2022-03-01 18:26:52,517 INFO  [Log] *************************************************************************************** 
2022-03-01 18:27:13,860 INFO  [Log] *************************************************************************************** 
2022-03-01 18:27:13,861 INFO  [Log] **   ParserX API Framework : 2022.03.01.18.27.13    ** 
2022-03-01 18:27:13,861 INFO  [Log] *************************************************************************************** 
2022-03-01 18:27:14,879 INFO  [Log] STEP : I am an authorized user 
2022-03-01 18:27:17,098 INFO  [Log] STEP : A list of books are available 
2022-03-01 18:27:17,741 INFO  [Log] STEP : I add a book to my reading list 
2022-03-01 18:27:17,983 INFO  [Log] STEP : The book is added 
2022-03-01 18:27:17,989 INFO  [Log] STEP : I remove a book from my reading list 
2022-03-01 18:27:18,264 INFO  [Log] STEP : The book is removed 
2022-03-01 18:27:19,048 INFO  [Log] *************************************************************************************** 
2022-03-01 18:27:19,048 INFO  [Log] *****************************   E-N-D  :  2022.03.01.18.27.19    ********************** 
2022-03-01 18:27:19,048 INFO  [Log] *************************************************************************************** 
2022-03-01 18:29:01,815 INFO  [Log] *************************************************************************************** 
2022-03-01 18:29:01,815 INFO  [Log] **   ParserX API Framework : 2022.03.01.18.29.01    ** 
2022-03-01 18:29:01,816 INFO  [Log] *************************************************************************************** 
2022-03-01 18:29:02,631 INFO  [Log] STEP : I am an authorized user 
2022-03-01 18:29:04,824 INFO  [Log] STEP : A list of books are available 
2022-03-01 18:29:05,074 INFO  [Log] STEP : I add a book to my reading list 
2022-03-01 18:29:05,351 INFO  [Log] STEP : The book is added 
2022-03-01 18:29:05,360 INFO  [Log] STEP : I remove a book from my reading list 
2022-03-01 18:29:05,634 INFO  [Log] STEP : The book is removed 
2022-03-01 18:29:06,467 INFO  [Log] *************************************************************************************** 
2022-03-01 18:29:06,467 INFO  [Log] *****************************   E-N-D  :  2022.03.01.18.29.06    ********************** 
2022-03-01 18:29:06,467 INFO  [Log] *************************************************************************************** 
2022-03-01 18:29:49,211 INFO  [Log] *************************************************************************************** 
2022-03-01 18:29:49,211 INFO  [Log] **   ParserX API Framework : 2022.03.01.18.29.49    ** 
2022-03-01 18:29:49,211 INFO  [Log] *************************************************************************************** 
2022-03-01 18:29:49,982 INFO  [Log] STEP : I am an authorized user 
2022-03-01 18:29:51,875 INFO  [Log] STEP : A list of books are available 
2022-03-01 18:29:52,127 INFO  [Log] STEP : I add a book to my reading list 
2022-03-01 18:29:52,363 INFO  [Log] STEP : The book is added 
2022-03-01 18:29:52,370 INFO  [Log] STEP : I remove a book from my reading list 
2022-03-01 18:29:52,635 INFO  [Log] STEP : The book is removed 
2022-03-01 18:29:53,350 INFO  [Log] *************************************************************************************** 
2022-03-01 18:29:53,350 INFO  [Log] *****************************   E-N-D  :  2022.03.01.18.29.53    ********************** 
2022-03-01 18:29:53,350 INFO  [Log] *************************************************************************************** 
2022-03-01 18:36:59,303 INFO  [Log] *************************************************************************************** 
2022-03-01 18:36:59,304 INFO  [Log] **   ParserX API Framework : 2022.03.01.18.36.59    ** 
2022-03-01 18:36:59,304 INFO  [Log] *************************************************************************************** 
2022-03-01 18:37:00,448 INFO  [Log] STEP : I am an authorized user 
2022-03-01 18:37:02,526 INFO  [Log] STEP : A list of books are available 
2022-03-01 18:37:02,772 INFO  [Log] STEP : I add a book to my reading list 
2022-03-01 18:37:03,024 INFO  [Log] STEP : The book is added 
2022-03-01 18:37:03,033 INFO  [Log] STEP : I remove a book from my reading list 
2022-03-01 18:37:03,283 INFO  [Log] STEP : The book is removed 
2022-03-01 18:37:04,120 INFO  [Log] *************************************************************************************** 
2022-03-01 18:37:04,120 INFO  [Log] *****************************   E-N-D  :  2022.03.01.18.37.04    ********************** 
2022-03-01 18:37:04,121 INFO  [Log] *************************************************************************************** 
2022-03-01 18:38:35,321 INFO  [Log] *************************************************************************************** 
2022-03-01 18:38:35,321 INFO  [Log] **   ParserX API Framework : 2022.03.01.18.38.35    ** 
2022-03-01 18:38:35,321 INFO  [Log] *************************************************************************************** 
2022-03-01 18:38:36,407 INFO  [Log] STEP : I am an authorized user 
2022-03-01 18:38:38,315 INFO  [Log] STEP : A list of books are available 
2022-03-01 18:38:38,564 INFO  [Log] STEP : I add a book to my reading list 
2022-03-01 18:38:38,808 INFO  [Log] STEP : The book is added 
2022-03-01 18:38:38,815 INFO  [Log] STEP : I remove a book from my reading list 
2022-03-01 18:38:39,057 INFO  [Log] STEP : The book is removed 
2022-03-01 18:38:39,863 INFO  [Log] *************************************************************************************** 
2022-03-01 18:38:39,863 INFO  [Log] *****************************   E-N-D  :  2022.03.01.18.38.39    ********************** 
2022-03-01 18:38:39,863 INFO  [Log] *************************************************************************************** 
2022-03-01 18:41:08,689 INFO  [Log] *************************************************************************************** 
2022-03-01 18:41:08,690 INFO  [Log] **   ParserX API Framework : 2022.03.01.18.41.08    ** 
2022-03-01 18:41:08,690 INFO  [Log] *************************************************************************************** 
2022-03-01 18:41:09,864 INFO  [Log] STEP : I am an authorized user 
2022-03-01 18:41:11,780 INFO  [Log] STEP : A list of books are available 
2022-03-01 18:41:12,026 INFO  [Log] STEP : I add a book to my reading list 
2022-03-01 18:41:12,291 INFO  [Log] STEP : The book is added 
2022-03-01 18:41:12,299 INFO  [Log] STEP : I remove a book from my reading list 
2022-03-01 18:41:12,595 INFO  [Log] STEP : The book is removed 
2022-03-01 18:41:13,427 INFO  [Log] *************************************************************************************** 
2022-03-01 18:41:13,428 INFO  [Log] *****************************   E-N-D  :  2022.03.01.18.41.13    ********************** 
2022-03-01 18:41:13,428 INFO  [Log] *************************************************************************************** 
2022-03-01 18:44:10,968 INFO  [Log] *************************************************************************************** 
2022-03-01 18:44:10,968 INFO  [Log] **   ParserX API Framework : 2022.03.01.18.44.10    ** 
2022-03-01 18:44:10,968 INFO  [Log] *************************************************************************************** 
2022-03-01 18:44:12,106 INFO  [Log] STEP : I am an authorized user 
2022-03-01 18:44:14,124 INFO  [Log] STEP : A list of books are available 
2022-03-01 18:44:14,361 INFO  [Log] STEP : I add a book to my reading list 
2022-03-01 18:44:14,618 INFO  [Log] STEP : The book is added 
2022-03-01 18:44:14,627 INFO  [Log] STEP : I remove a book from my reading list 
2022-03-01 18:44:14,880 INFO  [Log] STEP : The book is removed 
2022-03-01 18:44:15,699 INFO  [Log] *************************************************************************************** 
2022-03-01 18:44:15,699 INFO  [Log] *****************************   E-N-D  :  2022.03.01.18.44.15    ********************** 
2022-03-01 18:44:15,699 INFO  [Log] *************************************************************************************** 
2022-03-01 18:45:59,329 INFO  [Log] *************************************************************************************** 
2022-03-01 18:45:59,330 INFO  [Log] **   ParserX API Framework : 2022.03.01.18.45.59    ** 
2022-03-01 18:45:59,330 INFO  [Log] *************************************************************************************** 
2022-03-01 18:46:00,273 INFO  [Log] STEP : I am an authorized user 
2022-03-01 18:46:02,255 INFO  [Log] STEP : A list of books are available 
2022-03-01 18:46:02,503 INFO  [Log] STEP : I add a book to my reading list 
2022-03-01 18:46:02,750 INFO  [Log] STEP : The book is added 
2022-03-01 18:46:02,755 INFO  [Log] STEP : I remove a book from my reading list 
2022-03-01 18:46:02,997 INFO  [Log] STEP : The book is removed 
2022-03-01 18:46:03,789 INFO  [Log] *************************************************************************************** 
2022-03-01 18:46:03,789 INFO  [Log] *****************************   E-N-D  :  2022.03.01.18.46.03    ********************** 
2022-03-01 18:46:03,790 INFO  [Log] *************************************************************************************** 
2022-03-01 18:52:03,679 INFO  [Log] *************************************************************************************** 
2022-03-01 18:52:03,680 INFO  [Log] **   ParserX API Framework : 2022.03.01.18.52.03    ** 
2022-03-01 18:52:03,680 INFO  [Log] *************************************************************************************** 
2022-03-01 18:52:04,729 INFO  [Log] STEP : I am an authorized user 
2022-03-01 18:52:06,769 INFO  [Log] STEP : A list of books are available 
2022-03-01 18:52:07,016 INFO  [Log] STEP : I add a book to my reading list 
2022-03-01 18:52:07,267 INFO  [Log] STEP : The book is added 
2022-03-01 18:52:07,276 INFO  [Log] STEP : I remove a book from my reading list 
2022-03-01 18:52:07,535 INFO  [Log] STEP : The book is removed 
2022-03-01 18:52:08,498 INFO  [Log] *************************************************************************************** 
2022-03-01 18:52:08,498 INFO  [Log] *****************************   E-N-D  :  2022.03.01.18.52.08    ********************** 
2022-03-01 18:52:08,498 INFO  [Log] *************************************************************************************** 
2022-03-01 18:56:12,224 INFO  [Log] *************************************************************************************** 
2022-03-01 18:56:12,225 INFO  [Log] **   ParserX API Framework : 2022.03.01.18.56.12    ** 
2022-03-01 18:56:12,225 INFO  [Log] *************************************************************************************** 
2022-03-01 18:56:13,185 INFO  [Log] STEP : I am an authorized user 
2022-03-01 18:56:15,241 INFO  [Log] STEP : A list of books are available 
2022-03-01 18:56:15,485 INFO  [Log] STEP : I add a book to my reading list 
2022-03-01 18:56:15,736 INFO  [Log] STEP : The book is added 
2022-03-01 18:56:15,745 INFO  [Log] STEP : I remove a book from my reading list 
2022-03-01 18:56:16,005 INFO  [Log] STEP : The book is removed 
2022-03-01 18:56:16,848 INFO  [Log] *************************************************************************************** 
2022-03-01 18:56:16,848 INFO  [Log] *****************************   E-N-D  :  2022.03.01.18.56.16    ********************** 
2022-03-01 18:56:16,848 INFO  [Log] *************************************************************************************** 
